2024-12-31T12:05:54.861+09:00  INFO 3316 --- [final-app] [restartedMain] c.example.finalapp.FinalAppApplication   : Starting FinalAppApplication using Java 21.0.4 with PID 3316 (D:\0900_gb_mkh\spring\workspace\final-app\build\classes\java\main started by Administrator in D:\0900_gb_mkh\spring\workspace\final-app)
2024-12-31T12:05:54.862+09:00  INFO 3316 --- [final-app] [restartedMain] c.example.finalapp.FinalAppApplication   : No active profile set, falling back to 1 default profile: "default"
2024-12-31T12:05:54.886+09:00  INFO 3316 --- [final-app] [restartedMain] o.s.b.devtools.restart.ChangeableUrls    : The Class-Path manifest attribute in C:\Users\Administrator\.gradle\caches\modules-2\files-2.1\com.oracle.database.jdbc\ojdbc11\23.5.0.24.07\6e07003d57be5e280ef0492209e20fa27edec5b6\ojdbc11-23.5.0.24.07.jar referenced one or more files that do not exist: file:/C:/Users/Administrator/.gradle/caches/modules-2/files-2.1/com.oracle.database.jdbc/ojdbc11/23.5.0.24.07/6e07003d57be5e280ef0492209e20fa27edec5b6/oraclepki.jar
2024-12-31T12:05:54.887+09:00  INFO 3316 --- [final-app] [restartedMain] .e.DevToolsPropertyDefaultsPostProcessor : Devtools property defaults active! Set 'spring.devtools.add-properties' to 'false' to disable
2024-12-31T12:05:54.887+09:00  INFO 3316 --- [final-app] [restartedMain] .e.DevToolsPropertyDefaultsPostProcessor : For additional web related logging consider setting the 'logging.level.web' property to 'DEBUG'
2024-12-31T12:05:55.194+09:00 DEBUG 3316 --- [final-app] [restartedMain] o.m.s.b.a.MybatisAutoConfiguration       : Searching for mappers annotated with @Mapper
2024-12-31T12:05:55.195+09:00 DEBUG 3316 --- [final-app] [restartedMain] o.m.s.b.a.MybatisAutoConfiguration       : Using auto-configuration base package 'com.example.finalapp'
2024-12-31T12:05:55.263+09:00 DEBUG 3316 --- [final-app] [restartedMain] org.apache.ibatis.logging.LogFactory     : Logging initialized using 'class org.apache.ibatis.logging.slf4j.Slf4jImpl' adapter.
2024-12-31T12:05:55.265+09:00  WARN 3316 --- [final-app] [restartedMain] o.m.s.mapper.ClassPathMapperScanner      : No MyBatis mapper was found in '[com.example.finalapp]' package. Please check your configuration.
2024-12-31T12:05:55.480+09:00  INFO 3316 --- [final-app] [restartedMain] o.s.b.w.embedded.tomcat.TomcatWebServer  : Tomcat initialized with port 10000 (http)
2024-12-31T12:05:55.488+09:00  INFO 3316 --- [final-app] [restartedMain] o.apache.catalina.core.StandardService   : Starting service [Tomcat]
2024-12-31T12:05:55.489+09:00  INFO 3316 --- [final-app] [restartedMain] o.apache.catalina.core.StandardEngine    : Starting Servlet engine: [Apache Tomcat/10.1.34]
2024-12-31T12:05:55.513+09:00  INFO 3316 --- [final-app] [restartedMain] o.a.c.c.C.[Tomcat].[localhost].[/]       : Initializing Spring embedded WebApplicationContext
2024-12-31T12:05:55.513+09:00  INFO 3316 --- [final-app] [restartedMain] w.s.c.ServletWebServerApplicationContext : Root WebApplicationContext: initialization completed in 625 ms
2024-12-31T12:05:55.717+09:00 DEBUG 3316 --- [final-app] [restartedMain] o.m.s.b.a.MybatisAutoConfiguration       : Not found configuration for registering mapper bean using @MapperScan, MapperFactoryBean and MapperScannerConfigurer.
2024-12-31T12:05:55.751+09:00 DEBUG 3316 --- [final-app] [restartedMain] o.mybatis.spring.SqlSessionFactoryBean   : Property 'mapperLocations' was not specified.
2024-12-31T12:05:55.806+09:00  INFO 3316 --- [final-app] [restartedMain] o.s.b.d.a.OptionalLiveReloadServer       : LiveReload server is running on port 35729
2024-12-31T12:05:55.824+09:00  INFO 3316 --- [final-app] [restartedMain] o.s.b.w.embedded.tomcat.TomcatWebServer  : Tomcat started on port 10000 (http) with context path '/'
2024-12-31T12:05:55.829+09:00  INFO 3316 --- [final-app] [restartedMain] c.example.finalapp.FinalAppApplication   : Started FinalAppApplication in 1.277 seconds (process running for 1.782)
2024-12-31T12:06:01.907+09:00  INFO 3316 --- [final-app] [http-nio-10000-exec-1] o.a.c.c.C.[Tomcat].[localhost].[/]       : Initializing Spring DispatcherServlet 'dispatcherServlet'
2024-12-31T12:06:01.907+09:00  INFO 3316 --- [final-app] [http-nio-10000-exec-1] o.s.web.servlet.DispatcherServlet        : Initializing Servlet 'dispatcherServlet'
2024-12-31T12:06:01.908+09:00  INFO 3316 --- [final-app] [http-nio-10000-exec-1] o.s.web.servlet.DispatcherServlet        : Completed initialization in 1 ms
2024-12-31T12:06:14.574+09:00  INFO 3316 --- [final-app] [File Watcher] rtingClassPathChangeChangedEventListener : Restarting due to 1 class path change (0 additions, 0 deletions, 1 modification)
2024-12-31T12:06:14.579+09:00  INFO 3316 --- [final-app] [Thread-5] o.s.b.w.e.tomcat.GracefulShutdown        : Commencing graceful shutdown. Waiting for active requests to complete
2024-12-31T12:06:14.585+09:00  INFO 3316 --- [final-app] [tomcat-shutdown] o.s.b.w.e.tomcat.GracefulShutdown        : Graceful shutdown complete
2024-12-31T12:06:14.632+09:00  INFO 3316 --- [final-app] [restartedMain] c.example.finalapp.FinalAppApplication   : Starting FinalAppApplication using Java 21.0.4 with PID 3316 (D:\0900_gb_mkh\spring\workspace\final-app\build\classes\java\main started by Administrator in D:\0900_gb_mkh\spring\workspace\final-app)
2024-12-31T12:06:14.632+09:00  INFO 3316 --- [final-app] [restartedMain] c.example.finalapp.FinalAppApplication   : No active profile set, falling back to 1 default profile: "default"
2024-12-31T12:06:14.714+09:00 DEBUG 3316 --- [final-app] [restartedMain] o.m.s.b.a.MybatisAutoConfiguration       : Searching for mappers annotated with @Mapper
2024-12-31T12:06:14.714+09:00 DEBUG 3316 --- [final-app] [restartedMain] o.m.s.b.a.MybatisAutoConfiguration       : Using auto-configuration base package 'com.example.finalapp'
2024-12-31T12:06:14.733+09:00  WARN 3316 --- [final-app] [restartedMain] o.m.s.mapper.ClassPathMapperScanner      : No MyBatis mapper was found in '[com.example.finalapp]' package. Please check your configuration.
2024-12-31T12:06:14.760+09:00  INFO 3316 --- [final-app] [restartedMain] o.s.b.w.embedded.tomcat.TomcatWebServer  : Tomcat initialized with port 10000 (http)
2024-12-31T12:06:14.760+09:00  INFO 3316 --- [final-app] [restartedMain] o.apache.catalina.core.StandardService   : Starting service [Tomcat]
2024-12-31T12:06:14.760+09:00  INFO 3316 --- [final-app] [restartedMain] o.apache.catalina.core.StandardEngine    : Starting Servlet engine: [Apache Tomcat/10.1.34]
2024-12-31T12:06:14.768+09:00  INFO 3316 --- [final-app] [restartedMain] o.a.c.c.C.[Tomcat].[localhost].[/]       : Initializing Spring embedded WebApplicationContext
2024-12-31T12:06:14.768+09:00  INFO 3316 --- [final-app] [restartedMain] w.s.c.ServletWebServerApplicationContext : Root WebApplicationContext: initialization completed in 135 ms
2024-12-31T12:06:14.817+09:00 DEBUG 3316 --- [final-app] [restartedMain] o.m.s.b.a.MybatisAutoConfiguration       : Not found configuration for registering mapper bean using @MapperScan, MapperFactoryBean and MapperScannerConfigurer.
2024-12-31T12:06:14.825+09:00 DEBUG 3316 --- [final-app] [restartedMain] o.mybatis.spring.SqlSessionFactoryBean   : Property 'mapperLocations' was not specified.
2024-12-31T12:06:14.838+09:00  INFO 3316 --- [final-app] [restartedMain] o.s.b.d.a.OptionalLiveReloadServer       : LiveReload server is running on port 35729
2024-12-31T12:06:14.846+09:00  INFO 3316 --- [final-app] [restartedMain] o.s.b.w.embedded.tomcat.TomcatWebServer  : Tomcat started on port 10000 (http) with context path '/'
2024-12-31T12:06:14.848+09:00  INFO 3316 --- [final-app] [restartedMain] c.example.finalapp.FinalAppApplication   : Started FinalAppApplication in 0.232 seconds (process running for 20.801)
2024-12-31T12:06:14.849+09:00  INFO 3316 --- [final-app] [restartedMain] .ConditionEvaluationDeltaLoggingListener : Condition evaluation unchanged
2024-12-31T12:06:15.307+09:00  INFO 3316 --- [final-app] [http-nio-10000-exec-1] o.a.c.c.C.[Tomcat].[localhost].[/]       : Initializing Spring DispatcherServlet 'dispatcherServlet'
2024-12-31T12:06:15.307+09:00  INFO 3316 --- [final-app] [http-nio-10000-exec-1] o.s.web.servlet.DispatcherServlet        : Initializing Servlet 'dispatcherServlet'
2024-12-31T12:06:15.308+09:00  INFO 3316 --- [final-app] [http-nio-10000-exec-1] o.s.web.servlet.DispatcherServlet        : Completed initialization in 0 ms
2024-12-31T12:07:26.552+09:00  INFO 3316 --- [final-app] [File Watcher] rtingClassPathChangeChangedEventListener : Restarting due to 1 class path change (0 additions, 0 deletions, 1 modification)
2024-12-31T12:07:26.554+09:00  INFO 3316 --- [final-app] [Thread-7] o.s.b.w.e.tomcat.GracefulShutdown        : Commencing graceful shutdown. Waiting for active requests to complete
2024-12-31T12:07:26.558+09:00  INFO 3316 --- [final-app] [tomcat-shutdown] o.s.b.w.e.tomcat.GracefulShutdown        : Graceful shutdown complete
2024-12-31T12:07:26.646+09:00  INFO 3316 --- [final-app] [restartedMain] c.example.finalapp.FinalAppApplication   : Starting FinalAppApplication using Java 21.0.4 with PID 3316 (D:\0900_gb_mkh\spring\workspace\final-app\build\classes\java\main started by Administrator in D:\0900_gb_mkh\spring\workspace\final-app)
2024-12-31T12:07:26.646+09:00  INFO 3316 --- [final-app] [restartedMain] c.example.finalapp.FinalAppApplication   : No active profile set, falling back to 1 default profile: "default"
2024-12-31T12:07:26.764+09:00 DEBUG 3316 --- [final-app] [restartedMain] o.m.s.b.a.MybatisAutoConfiguration       : Searching for mappers annotated with @Mapper
2024-12-31T12:07:26.764+09:00 DEBUG 3316 --- [final-app] [restartedMain] o.m.s.b.a.MybatisAutoConfiguration       : Using auto-configuration base package 'com.example.finalapp'
2024-12-31T12:07:26.791+09:00  WARN 3316 --- [final-app] [restartedMain] o.m.s.mapper.ClassPathMapperScanner      : No MyBatis mapper was found in '[com.example.finalapp]' package. Please check your configuration.
2024-12-31T12:07:26.822+09:00  INFO 3316 --- [final-app] [restartedMain] o.s.b.w.embedded.tomcat.TomcatWebServer  : Tomcat initialized with port 10000 (http)
2024-12-31T12:07:26.823+09:00  INFO 3316 --- [final-app] [restartedMain] o.apache.catalina.core.StandardService   : Starting service [Tomcat]
2024-12-31T12:07:26.823+09:00  INFO 3316 --- [final-app] [restartedMain] o.apache.catalina.core.StandardEngine    : Starting Servlet engine: [Apache Tomcat/10.1.34]
2024-12-31T12:07:26.833+09:00  INFO 3316 --- [final-app] [restartedMain] o.a.c.c.C.[Tomcat].[localhost].[/]       : Initializing Spring embedded WebApplicationContext
2024-12-31T12:07:26.834+09:00  INFO 3316 --- [final-app] [restartedMain] w.s.c.ServletWebServerApplicationContext : Root WebApplicationContext: initialization completed in 185 ms
2024-12-31T12:07:26.882+09:00 DEBUG 3316 --- [final-app] [restartedMain] o.m.s.b.a.MybatisAutoConfiguration       : Not found configuration for registering mapper bean using @MapperScan, MapperFactoryBean and MapperScannerConfigurer.
2024-12-31T12:07:26.890+09:00 DEBUG 3316 --- [final-app] [restartedMain] o.mybatis.spring.SqlSessionFactoryBean   : Property 'mapperLocations' was not specified.
2024-12-31T12:07:26.903+09:00  INFO 3316 --- [final-app] [restartedMain] o.s.b.d.a.OptionalLiveReloadServer       : LiveReload server is running on port 35729
2024-12-31T12:07:26.909+09:00  INFO 3316 --- [final-app] [restartedMain] o.s.b.w.embedded.tomcat.TomcatWebServer  : Tomcat started on port 10000 (http) with context path '/'
2024-12-31T12:07:26.911+09:00  INFO 3316 --- [final-app] [restartedMain] c.example.finalapp.FinalAppApplication   : Started FinalAppApplication in 0.29 seconds (process running for 92.863)
2024-12-31T12:07:26.911+09:00  INFO 3316 --- [final-app] [restartedMain] .ConditionEvaluationDeltaLoggingListener : Condition evaluation unchanged
2024-12-31T12:07:30.795+09:00  INFO 3316 --- [final-app] [File Watcher] rtingClassPathChangeChangedEventListener : Restarting due to 1 class path change (0 additions, 0 deletions, 1 modification)
2024-12-31T12:07:30.796+09:00  INFO 3316 --- [final-app] [Thread-11] o.s.b.w.e.tomcat.GracefulShutdown        : Commencing graceful shutdown. Waiting for active requests to complete
2024-12-31T12:07:30.799+09:00  INFO 3316 --- [final-app] [tomcat-shutdown] o.s.b.w.e.tomcat.GracefulShutdown        : Graceful shutdown complete
2024-12-31T12:07:30.858+09:00  INFO 3316 --- [final-app] [restartedMain] c.example.finalapp.FinalAppApplication   : Starting FinalAppApplication using Java 21.0.4 with PID 3316 (D:\0900_gb_mkh\spring\workspace\final-app\build\classes\java\main started by Administrator in D:\0900_gb_mkh\spring\workspace\final-app)
2024-12-31T12:07:30.859+09:00  INFO 3316 --- [final-app] [restartedMain] c.example.finalapp.FinalAppApplication   : No active profile set, falling back to 1 default profile: "default"
2024-12-31T12:07:30.939+09:00 DEBUG 3316 --- [final-app] [restartedMain] o.m.s.b.a.MybatisAutoConfiguration       : Searching for mappers annotated with @Mapper
2024-12-31T12:07:30.939+09:00 DEBUG 3316 --- [final-app] [restartedMain] o.m.s.b.a.MybatisAutoConfiguration       : Using auto-configuration base package 'com.example.finalapp'
2024-12-31T12:07:30.958+09:00  WARN 3316 --- [final-app] [restartedMain] o.m.s.mapper.ClassPathMapperScanner      : No MyBatis mapper was found in '[com.example.finalapp]' package. Please check your configuration.
2024-12-31T12:07:30.982+09:00  INFO 3316 --- [final-app] [restartedMain] o.s.b.w.embedded.tomcat.TomcatWebServer  : Tomcat initialized with port 10000 (http)
2024-12-31T12:07:30.982+09:00  INFO 3316 --- [final-app] [restartedMain] o.apache.catalina.core.StandardService   : Starting service [Tomcat]
2024-12-31T12:07:30.982+09:00  INFO 3316 --- [final-app] [restartedMain] o.apache.catalina.core.StandardEngine    : Starting Servlet engine: [Apache Tomcat/10.1.34]
2024-12-31T12:07:30.990+09:00  INFO 3316 --- [final-app] [restartedMain] o.a.c.c.C.[Tomcat].[localhost].[/]       : Initializing Spring embedded WebApplicationContext
2024-12-31T12:07:30.990+09:00  INFO 3316 --- [final-app] [restartedMain] w.s.c.ServletWebServerApplicationContext : Root WebApplicationContext: initialization completed in 130 ms
2024-12-31T12:07:31.046+09:00 DEBUG 3316 --- [final-app] [restartedMain] o.m.s.b.a.MybatisAutoConfiguration       : Not found configuration for registering mapper bean using @MapperScan, MapperFactoryBean and MapperScannerConfigurer.
2024-12-31T12:07:31.052+09:00 DEBUG 3316 --- [final-app] [restartedMain] o.mybatis.spring.SqlSessionFactoryBean   : Property 'mapperLocations' was not specified.
2024-12-31T12:07:31.066+09:00  INFO 3316 --- [final-app] [restartedMain] o.s.b.d.a.OptionalLiveReloadServer       : LiveReload server is running on port 35729
2024-12-31T12:07:31.073+09:00  INFO 3316 --- [final-app] [restartedMain] o.s.b.w.embedded.tomcat.TomcatWebServer  : Tomcat started on port 10000 (http) with context path '/'
2024-12-31T12:07:31.075+09:00  INFO 3316 --- [final-app] [restartedMain] c.example.finalapp.FinalAppApplication   : Started FinalAppApplication in 0.238 seconds (process running for 97.028)
2024-12-31T12:07:31.076+09:00  INFO 3316 --- [final-app] [restartedMain] .ConditionEvaluationDeltaLoggingListener : Condition evaluation unchanged
2024-12-31T12:07:33.994+09:00  INFO 3316 --- [final-app] [SpringApplicationShutdownHook] o.s.b.w.e.tomcat.GracefulShutdown        : Commencing graceful shutdown. Waiting for active requests to complete
2024-12-31T12:07:33.999+09:00  INFO 3316 --- [final-app] [tomcat-shutdown] o.s.b.w.e.tomcat.GracefulShutdown        : Graceful shutdown complete
2024-12-31T12:07:35.928+09:00  INFO 14916 --- [final-app] [restartedMain] c.example.finalapp.FinalAppApplication   : Starting FinalAppApplication using Java 21.0.4 with PID 14916 (D:\0900_gb_mkh\spring\workspace\final-app\build\classes\java\main started by Administrator in D:\0900_gb_mkh\spring\workspace\final-app)
2024-12-31T12:07:35.929+09:00  INFO 14916 --- [final-app] [restartedMain] c.example.finalapp.FinalAppApplication   : No active profile set, falling back to 1 default profile: "default"
2024-12-31T12:07:35.960+09:00  INFO 14916 --- [final-app] [restartedMain] o.s.b.devtools.restart.ChangeableUrls    : The Class-Path manifest attribute in C:\Users\Administrator\.gradle\caches\modules-2\files-2.1\com.oracle.database.jdbc\ojdbc11\23.5.0.24.07\6e07003d57be5e280ef0492209e20fa27edec5b6\ojdbc11-23.5.0.24.07.jar referenced one or more files that do not exist: file:/C:/Users/Administrator/.gradle/caches/modules-2/files-2.1/com.oracle.database.jdbc/ojdbc11/23.5.0.24.07/6e07003d57be5e280ef0492209e20fa27edec5b6/oraclepki.jar
2024-12-31T12:07:35.961+09:00  INFO 14916 --- [final-app] [restartedMain] .e.DevToolsPropertyDefaultsPostProcessor : Devtools property defaults active! Set 'spring.devtools.add-properties' to 'false' to disable
2024-12-31T12:07:35.961+09:00  INFO 14916 --- [final-app] [restartedMain] .e.DevToolsPropertyDefaultsPostProcessor : For additional web related logging consider setting the 'logging.level.web' property to 'DEBUG'
2024-12-31T12:07:36.392+09:00 DEBUG 14916 --- [final-app] [restartedMain] o.m.s.b.a.MybatisAutoConfiguration       : Searching for mappers annotated with @Mapper
2024-12-31T12:07:36.393+09:00 DEBUG 14916 --- [final-app] [restartedMain] o.m.s.b.a.MybatisAutoConfiguration       : Using auto-configuration base package 'com.example.finalapp'
2024-12-31T12:07:36.477+09:00 DEBUG 14916 --- [final-app] [restartedMain] org.apache.ibatis.logging.LogFactory     : Logging initialized using 'class org.apache.ibatis.logging.slf4j.Slf4jImpl' adapter.
2024-12-31T12:07:36.479+09:00  WARN 14916 --- [final-app] [restartedMain] o.m.s.mapper.ClassPathMapperScanner      : No MyBatis mapper was found in '[com.example.finalapp]' package. Please check your configuration.
2024-12-31T12:07:36.755+09:00  INFO 14916 --- [final-app] [restartedMain] o.s.b.w.embedded.tomcat.TomcatWebServer  : Tomcat initialized with port 10000 (http)
2024-12-31T12:07:36.765+09:00  INFO 14916 --- [final-app] [restartedMain] o.apache.catalina.core.StandardService   : Starting service [Tomcat]
2024-12-31T12:07:36.765+09:00  INFO 14916 --- [final-app] [restartedMain] o.apache.catalina.core.StandardEngine    : Starting Servlet engine: [Apache Tomcat/10.1.34]
2024-12-31T12:07:36.797+09:00  INFO 14916 --- [final-app] [restartedMain] o.a.c.c.C.[Tomcat].[localhost].[/]       : Initializing Spring embedded WebApplicationContext
2024-12-31T12:07:36.797+09:00  INFO 14916 --- [final-app] [restartedMain] w.s.c.ServletWebServerApplicationContext : Root WebApplicationContext: initialization completed in 836 ms
2024-12-31T12:07:37.110+09:00 DEBUG 14916 --- [final-app] [restartedMain] o.m.s.b.a.MybatisAutoConfiguration       : Not found configuration for registering mapper bean using @MapperScan, MapperFactoryBean and MapperScannerConfigurer.
2024-12-31T12:07:37.163+09:00 DEBUG 14916 --- [final-app] [restartedMain] o.mybatis.spring.SqlSessionFactoryBean   : Property 'mapperLocations' was not specified.
2024-12-31T12:07:37.266+09:00  INFO 14916 --- [final-app] [restartedMain] o.s.b.d.a.OptionalLiveReloadServer       : LiveReload server is running on port 35729
2024-12-31T12:07:37.296+09:00  INFO 14916 --- [final-app] [restartedMain] o.s.b.w.embedded.tomcat.TomcatWebServer  : Tomcat started on port 10000 (http) with context path '/'
2024-12-31T12:07:37.304+09:00  INFO 14916 --- [final-app] [restartedMain] c.example.finalapp.FinalAppApplication   : Started FinalAppApplication in 1.648 seconds (process running for 2.082)
2024-12-31T12:07:37.998+09:00  INFO 14916 --- [final-app] [http-nio-10000-exec-1] o.a.c.c.C.[Tomcat].[localhost].[/]       : Initializing Spring DispatcherServlet 'dispatcherServlet'
2024-12-31T12:07:37.999+09:00  INFO 14916 --- [final-app] [http-nio-10000-exec-1] o.s.web.servlet.DispatcherServlet        : Initializing Servlet 'dispatcherServlet'
2024-12-31T12:07:38.000+09:00  INFO 14916 --- [final-app] [http-nio-10000-exec-1] o.s.web.servlet.DispatcherServlet        : Completed initialization in 1 ms
2024-12-31T12:08:58.789+09:00  INFO 14916 --- [final-app] [SpringApplicationShutdownHook] o.s.b.w.e.tomcat.GracefulShutdown        : Commencing graceful shutdown. Waiting for active requests to complete
2024-12-31T12:08:58.793+09:00  INFO 14916 --- [final-app] [tomcat-shutdown] o.s.b.w.e.tomcat.GracefulShutdown        : Graceful shutdown complete
2024-12-31T12:09:00.325+09:00  INFO 7652 --- [final-app] [restartedMain] c.example.finalapp.FinalAppApplication   : Starting FinalAppApplication using Java 21.0.4 with PID 7652 (D:\0900_gb_mkh\spring\workspace\final-app\build\classes\java\main started by Administrator in D:\0900_gb_mkh\spring\workspace\final-app)
2024-12-31T12:09:00.326+09:00  INFO 7652 --- [final-app] [restartedMain] c.example.finalapp.FinalAppApplication   : No active profile set, falling back to 1 default profile: "default"
2024-12-31T12:09:00.350+09:00  INFO 7652 --- [final-app] [restartedMain] o.s.b.devtools.restart.ChangeableUrls    : The Class-Path manifest attribute in C:\Users\Administrator\.gradle\caches\modules-2\files-2.1\com.oracle.database.jdbc\ojdbc11\23.5.0.24.07\6e07003d57be5e280ef0492209e20fa27edec5b6\ojdbc11-23.5.0.24.07.jar referenced one or more files that do not exist: file:/C:/Users/Administrator/.gradle/caches/modules-2/files-2.1/com.oracle.database.jdbc/ojdbc11/23.5.0.24.07/6e07003d57be5e280ef0492209e20fa27edec5b6/oraclepki.jar
2024-12-31T12:09:00.350+09:00  INFO 7652 --- [final-app] [restartedMain] .e.DevToolsPropertyDefaultsPostProcessor : Devtools property defaults active! Set 'spring.devtools.add-properties' to 'false' to disable
2024-12-31T12:09:00.350+09:00  INFO 7652 --- [final-app] [restartedMain] .e.DevToolsPropertyDefaultsPostProcessor : For additional web related logging consider setting the 'logging.level.web' property to 'DEBUG'
2024-12-31T12:09:00.649+09:00 DEBUG 7652 --- [final-app] [restartedMain] o.m.s.b.a.MybatisAutoConfiguration       : Searching for mappers annotated with @Mapper
2024-12-31T12:09:00.649+09:00 DEBUG 7652 --- [final-app] [restartedMain] o.m.s.b.a.MybatisAutoConfiguration       : Using auto-configuration base package 'com.example.finalapp'
2024-12-31T12:09:00.717+09:00 DEBUG 7652 --- [final-app] [restartedMain] org.apache.ibatis.logging.LogFactory     : Logging initialized using 'class org.apache.ibatis.logging.slf4j.Slf4jImpl' adapter.
2024-12-31T12:09:00.719+09:00  WARN 7652 --- [final-app] [restartedMain] o.m.s.mapper.ClassPathMapperScanner      : No MyBatis mapper was found in '[com.example.finalapp]' package. Please check your configuration.
2024-12-31T12:09:00.929+09:00  INFO 7652 --- [final-app] [restartedMain] o.s.b.w.embedded.tomcat.TomcatWebServer  : Tomcat initialized with port 10000 (http)
2024-12-31T12:09:00.937+09:00  INFO 7652 --- [final-app] [restartedMain] o.apache.catalina.core.StandardService   : Starting service [Tomcat]
2024-12-31T12:09:00.937+09:00  INFO 7652 --- [final-app] [restartedMain] o.apache.catalina.core.StandardEngine    : Starting Servlet engine: [Apache Tomcat/10.1.34]
2024-12-31T12:09:00.961+09:00  INFO 7652 --- [final-app] [restartedMain] o.a.c.c.C.[Tomcat].[localhost].[/]       : Initializing Spring embedded WebApplicationContext
2024-12-31T12:09:00.961+09:00  INFO 7652 --- [final-app] [restartedMain] w.s.c.ServletWebServerApplicationContext : Root WebApplicationContext: initialization completed in 610 ms
2024-12-31T12:09:01.161+09:00 DEBUG 7652 --- [final-app] [restartedMain] o.m.s.b.a.MybatisAutoConfiguration       : Not found configuration for registering mapper bean using @MapperScan, MapperFactoryBean and MapperScannerConfigurer.
2024-12-31T12:09:01.195+09:00 DEBUG 7652 --- [final-app] [restartedMain] o.mybatis.spring.SqlSessionFactoryBean   : Property 'mapperLocations' was not specified.
2024-12-31T12:09:01.249+09:00  INFO 7652 --- [final-app] [restartedMain] o.s.b.d.a.OptionalLiveReloadServer       : LiveReload server is running on port 35729
2024-12-31T12:09:01.268+09:00  INFO 7652 --- [final-app] [restartedMain] o.s.b.w.embedded.tomcat.TomcatWebServer  : Tomcat started on port 10000 (http) with context path '/'
2024-12-31T12:09:01.273+09:00  INFO 7652 --- [final-app] [restartedMain] c.example.finalapp.FinalAppApplication   : Started FinalAppApplication in 1.184 seconds (process running for 1.574)
2024-12-31T12:09:14.648+09:00  INFO 7652 --- [final-app] [SpringApplicationShutdownHook] o.s.b.w.e.tomcat.GracefulShutdown        : Commencing graceful shutdown. Waiting for active requests to complete
2024-12-31T12:09:14.652+09:00  INFO 7652 --- [final-app] [tomcat-shutdown] o.s.b.w.e.tomcat.GracefulShutdown        : Graceful shutdown complete
2024-12-31T12:09:16.634+09:00  INFO 2476 --- [final-app] [restartedMain] c.example.finalapp.FinalAppApplication   : Starting FinalAppApplication using Java 21.0.4 with PID 2476 (D:\0900_gb_mkh\spring\workspace\final-app\build\classes\java\main started by Administrator in D:\0900_gb_mkh\spring\workspace\final-app)
2024-12-31T12:09:16.635+09:00  INFO 2476 --- [final-app] [restartedMain] c.example.finalapp.FinalAppApplication   : No active profile set, falling back to 1 default profile: "default"
2024-12-31T12:09:16.663+09:00  INFO 2476 --- [final-app] [restartedMain] o.s.b.devtools.restart.ChangeableUrls    : The Class-Path manifest attribute in C:\Users\Administrator\.gradle\caches\modules-2\files-2.1\com.oracle.database.jdbc\ojdbc11\23.5.0.24.07\6e07003d57be5e280ef0492209e20fa27edec5b6\ojdbc11-23.5.0.24.07.jar referenced one or more files that do not exist: file:/C:/Users/Administrator/.gradle/caches/modules-2/files-2.1/com.oracle.database.jdbc/ojdbc11/23.5.0.24.07/6e07003d57be5e280ef0492209e20fa27edec5b6/oraclepki.jar
2024-12-31T12:09:16.663+09:00  INFO 2476 --- [final-app] [restartedMain] .e.DevToolsPropertyDefaultsPostProcessor : Devtools property defaults active! Set 'spring.devtools.add-properties' to 'false' to disable
2024-12-31T12:09:16.663+09:00  INFO 2476 --- [final-app] [restartedMain] .e.DevToolsPropertyDefaultsPostProcessor : For additional web related logging consider setting the 'logging.level.web' property to 'DEBUG'
2024-12-31T12:09:16.955+09:00 DEBUG 2476 --- [final-app] [restartedMain] o.m.s.b.a.MybatisAutoConfiguration       : Searching for mappers annotated with @Mapper
2024-12-31T12:09:16.955+09:00 DEBUG 2476 --- [final-app] [restartedMain] o.m.s.b.a.MybatisAutoConfiguration       : Using auto-configuration base package 'com.example.finalapp'
2024-12-31T12:09:17.021+09:00 DEBUG 2476 --- [final-app] [restartedMain] org.apache.ibatis.logging.LogFactory     : Logging initialized using 'class org.apache.ibatis.logging.slf4j.Slf4jImpl' adapter.
2024-12-31T12:09:17.023+09:00  WARN 2476 --- [final-app] [restartedMain] o.m.s.mapper.ClassPathMapperScanner      : No MyBatis mapper was found in '[com.example.finalapp]' package. Please check your configuration.
2024-12-31T12:09:17.244+09:00  INFO 2476 --- [final-app] [restartedMain] o.s.b.w.embedded.tomcat.TomcatWebServer  : Tomcat initialized with port 10000 (http)
2024-12-31T12:09:17.252+09:00  INFO 2476 --- [final-app] [restartedMain] o.apache.catalina.core.StandardService   : Starting service [Tomcat]
2024-12-31T12:09:17.252+09:00  INFO 2476 --- [final-app] [restartedMain] o.apache.catalina.core.StandardEngine    : Starting Servlet engine: [Apache Tomcat/10.1.34]
2024-12-31T12:09:17.277+09:00  INFO 2476 --- [final-app] [restartedMain] o.a.c.c.C.[Tomcat].[localhost].[/]       : Initializing Spring embedded WebApplicationContext
2024-12-31T12:09:17.277+09:00  INFO 2476 --- [final-app] [restartedMain] w.s.c.ServletWebServerApplicationContext : Root WebApplicationContext: initialization completed in 614 ms
2024-12-31T12:09:17.485+09:00 DEBUG 2476 --- [final-app] [restartedMain] o.m.s.b.a.MybatisAutoConfiguration       : Not found configuration for registering mapper bean using @MapperScan, MapperFactoryBean and MapperScannerConfigurer.
2024-12-31T12:09:17.517+09:00 DEBUG 2476 --- [final-app] [restartedMain] o.mybatis.spring.SqlSessionFactoryBean   : Property 'mapperLocations' was not specified.
2024-12-31T12:09:17.572+09:00  INFO 2476 --- [final-app] [restartedMain] o.s.b.d.a.OptionalLiveReloadServer       : LiveReload server is running on port 35729
2024-12-31T12:09:17.590+09:00  INFO 2476 --- [final-app] [restartedMain] o.s.b.w.embedded.tomcat.TomcatWebServer  : Tomcat started on port 10000 (http) with context path '/'
2024-12-31T12:09:17.595+09:00  INFO 2476 --- [final-app] [restartedMain] c.example.finalapp.FinalAppApplication   : Started FinalAppApplication in 1.201 seconds (process running for 1.557)
2024-12-31T12:09:20.418+09:00  INFO 2476 --- [final-app] [http-nio-10000-exec-1] o.a.c.c.C.[Tomcat].[localhost].[/]       : Initializing Spring DispatcherServlet 'dispatcherServlet'
2024-12-31T12:09:20.418+09:00  INFO 2476 --- [final-app] [http-nio-10000-exec-1] o.s.web.servlet.DispatcherServlet        : Initializing Servlet 'dispatcherServlet'
2024-12-31T12:09:20.418+09:00  INFO 2476 --- [final-app] [http-nio-10000-exec-1] o.s.web.servlet.DispatcherServlet        : Completed initialization in 0 ms
2024-12-31T12:13:21.383+09:00  INFO 2476 --- [final-app] [File Watcher] rtingClassPathChangeChangedEventListener : Restarting due to 35 class path changes (0 additions, 0 deletions, 35 modifications)
2024-12-31T12:13:21.386+09:00  INFO 2476 --- [final-app] [Thread-5] o.s.b.w.e.tomcat.GracefulShutdown        : Commencing graceful shutdown. Waiting for active requests to complete
2024-12-31T12:13:21.389+09:00  INFO 2476 --- [final-app] [tomcat-shutdown] o.s.b.w.e.tomcat.GracefulShutdown        : Graceful shutdown complete
2024-12-31T12:13:21.432+09:00  INFO 2476 --- [final-app] [restartedMain] c.example.finalapp.FinalAppApplication   : Starting FinalAppApplication using Java 21.0.4 with PID 2476 (D:\0900_gb_mkh\spring\workspace\final-app\build\classes\java\main started by Administrator in D:\0900_gb_mkh\spring\workspace\final-app)
2024-12-31T12:13:21.433+09:00  INFO 2476 --- [final-app] [restartedMain] c.example.finalapp.FinalAppApplication   : No active profile set, falling back to 1 default profile: "default"
2024-12-31T12:13:21.513+09:00 DEBUG 2476 --- [final-app] [restartedMain] o.m.s.b.a.MybatisAutoConfiguration       : Searching for mappers annotated with @Mapper
2024-12-31T12:13:21.513+09:00 DEBUG 2476 --- [final-app] [restartedMain] o.m.s.b.a.MybatisAutoConfiguration       : Using auto-configuration base package 'com.example.finalapp'
2024-12-31T12:13:21.532+09:00  WARN 2476 --- [final-app] [restartedMain] o.m.s.mapper.ClassPathMapperScanner      : No MyBatis mapper was found in '[com.example.finalapp]' package. Please check your configuration.
2024-12-31T12:13:21.558+09:00  INFO 2476 --- [final-app] [restartedMain] o.s.b.w.embedded.tomcat.TomcatWebServer  : Tomcat initialized with port 10000 (http)
2024-12-31T12:13:21.559+09:00  INFO 2476 --- [final-app] [restartedMain] o.apache.catalina.core.StandardService   : Starting service [Tomcat]
2024-12-31T12:13:21.559+09:00  INFO 2476 --- [final-app] [restartedMain] o.apache.catalina.core.StandardEngine    : Starting Servlet engine: [Apache Tomcat/10.1.34]
2024-12-31T12:13:21.568+09:00  INFO 2476 --- [final-app] [restartedMain] o.a.c.c.C.[Tomcat].[localhost].[/]       : Initializing Spring embedded WebApplicationContext
2024-12-31T12:13:21.568+09:00  INFO 2476 --- [final-app] [restartedMain] w.s.c.ServletWebServerApplicationContext : Root WebApplicationContext: initialization completed in 134 ms
2024-12-31T12:13:21.614+09:00 DEBUG 2476 --- [final-app] [restartedMain] o.m.s.b.a.MybatisAutoConfiguration       : Not found configuration for registering mapper bean using @MapperScan, MapperFactoryBean and MapperScannerConfigurer.
2024-12-31T12:13:21.622+09:00 DEBUG 2476 --- [final-app] [restartedMain] o.mybatis.spring.SqlSessionFactoryBean   : Property 'mapperLocations' was not specified.
2024-12-31T12:13:21.636+09:00  INFO 2476 --- [final-app] [restartedMain] o.s.b.d.a.OptionalLiveReloadServer       : LiveReload server is running on port 35729
2024-12-31T12:13:21.642+09:00  INFO 2476 --- [final-app] [restartedMain] o.s.b.w.embedded.tomcat.TomcatWebServer  : Tomcat started on port 10000 (http) with context path '/'
2024-12-31T12:13:21.644+09:00  INFO 2476 --- [final-app] [restartedMain] c.example.finalapp.FinalAppApplication   : Started FinalAppApplication in 0.227 seconds (process running for 245.606)
2024-12-31T12:13:21.645+09:00  INFO 2476 --- [final-app] [restartedMain] .ConditionEvaluationDeltaLoggingListener : Condition evaluation unchanged
2024-12-31T12:27:28.358+09:00  INFO 2476 --- [final-app] [File Watcher] rtingClassPathChangeChangedEventListener : Restarting due to 1 class path change (0 additions, 0 deletions, 1 modification)
2024-12-31T12:27:28.359+09:00  INFO 2476 --- [final-app] [Thread-7] o.s.b.w.e.tomcat.GracefulShutdown        : Commencing graceful shutdown. Waiting for active requests to complete
2024-12-31T12:27:28.361+09:00  INFO 2476 --- [final-app] [tomcat-shutdown] o.s.b.w.e.tomcat.GracefulShutdown        : Graceful shutdown complete
2024-12-31T12:27:28.406+09:00  INFO 2476 --- [final-app] [restartedMain] c.example.finalapp.FinalAppApplication   : Starting FinalAppApplication using Java 21.0.4 with PID 2476 (D:\0900_gb_mkh\spring\workspace\final-app\build\classes\java\main started by Administrator in D:\0900_gb_mkh\spring\workspace\final-app)
2024-12-31T12:27:28.406+09:00  INFO 2476 --- [final-app] [restartedMain] c.example.finalapp.FinalAppApplication   : No active profile set, falling back to 1 default profile: "default"
2024-12-31T12:27:28.485+09:00 DEBUG 2476 --- [final-app] [restartedMain] o.m.s.b.a.MybatisAutoConfiguration       : Searching for mappers annotated with @Mapper
2024-12-31T12:27:28.485+09:00 DEBUG 2476 --- [final-app] [restartedMain] o.m.s.b.a.MybatisAutoConfiguration       : Using auto-configuration base package 'com.example.finalapp'
2024-12-31T12:27:28.507+09:00  WARN 2476 --- [final-app] [restartedMain] o.m.s.mapper.ClassPathMapperScanner      : No MyBatis mapper was found in '[com.example.finalapp]' package. Please check your configuration.
2024-12-31T12:27:28.537+09:00  INFO 2476 --- [final-app] [restartedMain] o.s.b.w.embedded.tomcat.TomcatWebServer  : Tomcat initialized with port 10000 (http)
2024-12-31T12:27:28.538+09:00  INFO 2476 --- [final-app] [restartedMain] o.apache.catalina.core.StandardService   : Starting service [Tomcat]
2024-12-31T12:27:28.538+09:00  INFO 2476 --- [final-app] [restartedMain] o.apache.catalina.core.StandardEngine    : Starting Servlet engine: [Apache Tomcat/10.1.34]
2024-12-31T12:27:28.546+09:00  INFO 2476 --- [final-app] [restartedMain] o.a.c.c.C.[Tomcat].[localhost].[/]       : Initializing Spring embedded WebApplicationContext
2024-12-31T12:27:28.546+09:00  INFO 2476 --- [final-app] [restartedMain] w.s.c.ServletWebServerApplicationContext : Root WebApplicationContext: initialization completed in 138 ms
2024-12-31T12:27:28.601+09:00 DEBUG 2476 --- [final-app] [restartedMain] o.m.s.b.a.MybatisAutoConfiguration       : Not found configuration for registering mapper bean using @MapperScan, MapperFactoryBean and MapperScannerConfigurer.
2024-12-31T12:27:28.608+09:00 DEBUG 2476 --- [final-app] [restartedMain] o.mybatis.spring.SqlSessionFactoryBean   : Property 'mapperLocations' was not specified.
2024-12-31T12:27:28.625+09:00  INFO 2476 --- [final-app] [restartedMain] o.s.b.d.a.OptionalLiveReloadServer       : LiveReload server is running on port 35729
2024-12-31T12:27:28.631+09:00  INFO 2476 --- [final-app] [restartedMain] o.s.b.w.embedded.tomcat.TomcatWebServer  : Tomcat started on port 10000 (http) with context path '/'
2024-12-31T12:27:28.633+09:00  INFO 2476 --- [final-app] [restartedMain] c.example.finalapp.FinalAppApplication   : Started FinalAppApplication in 0.242 seconds (process running for 1092.596)
2024-12-31T12:27:28.634+09:00  INFO 2476 --- [final-app] [restartedMain] .ConditionEvaluationDeltaLoggingListener : Condition evaluation unchanged
2024-12-31T12:27:29.696+09:00  INFO 2476 --- [final-app] [SpringApplicationShutdownHook] o.s.b.w.e.tomcat.GracefulShutdown        : Commencing graceful shutdown. Waiting for active requests to complete
2024-12-31T12:27:29.700+09:00  INFO 2476 --- [final-app] [tomcat-shutdown] o.s.b.w.e.tomcat.GracefulShutdown        : Graceful shutdown complete
